2025-07-15 11:34:59,733 - __main__ - INFO - === app.py 디폴트 데이터 CP-SAT 테스트 시작 ===
2025-07-15 11:34:59,736 - __main__ - INFO - === CP-SAT 스케줄링 테스트 시작 ===
2025-07-15 11:34:59,737 - __main__ - INFO - === app.py 디폴트 데이터로 DateConfig 생성 시작 ===
2025-07-15 11:34:59,738 - __main__ - INFO - [진단] app.py 디폴트 활동 데이터: {'use': [True, True, True], 'activity': ['토론면접', '발표준비', '발표면접'], 'mode': ['batched', 'parallel', 'individual'], 'duration_min': [30, 5, 15], 'room_type': ['토론면접실', '발표준비실', '발표면접실'], 'min_cap': [4, 1, 1], 'max_cap': [6, 2, 1]}
2025-07-15 11:34:59,739 - __main__ - INFO - [진단] 생성된 Activity: 토론면접, mode=ActivityMode.BATCHED, duration=30분, room=토론면접실, cap=4~6
2025-07-15 11:34:59,739 - __main__ - INFO - [진단] 생성된 Activity: 발표준비, mode=ActivityMode.PARALLEL, duration=5분, room=발표준비실, cap=1~2
2025-07-15 11:34:59,739 - __main__ - INFO - [진단] 생성된 Activity: 발표면접, mode=ActivityMode.INDIVIDUAL, duration=15분, room=발표면접실, cap=1~1
2025-07-15 11:34:59,740 - __main__ - INFO - [진단] app.py 디폴트 직무-활동 매핑: {('JOB01', '토론면접'): True, ('JOB01', '발표준비'): True, ('JOB01', '발표면접'): True}
2025-07-15 11:34:59,740 - __main__ - INFO - [진단] app.py 디폴트 직무 데이터: {'JOB01': 20}
2025-07-15 11:34:59,741 - __main__ - INFO - [진단] app.py 디폴트 운영 시간: 09:00:00 ~ 17:30:00
2025-07-15 11:34:59,741 - __main__ - INFO - [진단] app.py 디폴트 방 템플릿: {'토론면접실': {'count': 2, 'cap': 6}, '발표준비실': {'count': 1, 'cap': 2}, '발표면접실': {'count': 2, 'cap': 1}}
2025-07-15 11:34:59,741 - __main__ - INFO - [진단] 생성된 방 계획: {'토론면접실_count': 2, '토론면접실_cap': 6, '발표준비실_count': 1, '발표준비실_cap': 2, '발표면접실_count': 2, '발표면접실_cap': 1}
2025-07-15 11:34:59,741 - __main__ - INFO - [진단] 생성된 rooms: ['토론면접실_1', '토론면접실_2', '발표준비실_1', '발표면접실_1', '발표면접실_2']
2025-07-15 11:34:59,742 - __main__ - INFO - [진단] 생성된 operating_hours: (datetime.timedelta(seconds=32400), datetime.timedelta(seconds=63000))
2025-07-15 11:34:59,742 - __main__ - INFO - [진단] app.py 디폴트 선후행 제약: [{'predecessor': '발표준비', 'successor': '발표면접', 'gap_min': 0, 'adjacent': True}]
2025-07-15 11:34:59,742 - __main__ - INFO - === DateConfig 생성 완료 ===
2025-07-15 11:34:59,742 - __main__ - INFO - [진단] 최종 DateConfig: date=2025-07-15 00:00:00, activities=['토론면접', '발표준비', '발표면접'], jobs={'JOB01': 20}
2025-07-15 11:34:59,743 - __main__ - INFO - === 스케줄링 실행 시작 ===
2025-07-15 11:34:59,743 - __main__ - INFO - [진행상황] Level1: 0.0% - {}
2025-07-15 11:34:59,743 - __main__ - INFO - [진단] _create_applicants 시작
2025-07-15 11:34:59,743 - __main__ - INFO - [진단] config.jobs: {'JOB01': 20}
2025-07-15 11:34:59,743 - __main__ - INFO - [진단] config.activities: ['토론면접', '발표준비', '발표면접']
2025-07-15 11:34:59,743 - __main__ - INFO - [진단] config.job_activity_matrix: {('JOB01', '토론면접'): True, ('JOB01', '발표준비'): True, ('JOB01', '발표면접'): True}
2025-07-15 11:34:59,744 - __main__ - INFO - [진단] 직무 JOB01 처리 중 (지원자 20명)
2025-07-15 11:34:59,744 - __main__ - INFO - [진단] 매트릭스 키 ('JOB01', '토론면접'): True
2025-07-15 11:34:59,744 - __main__ - INFO - [진단] 매트릭스 키 ('JOB01', '발표준비'): True
2025-07-15 11:34:59,744 - __main__ - INFO - [진단] 매트릭스 키 ('JOB01', '발표면접'): True
2025-07-15 11:34:59,745 - __main__ - INFO - [진단] 직무 JOB01의 required_activities: ['토론면접', '발표준비', '발표면접']
2025-07-15 11:34:59,745 - __main__ - INFO - [진단] 생성된 지원자 JOB01_001: required_activities=['토론면접', '발표준비', '발표면접']
2025-07-15 11:34:59,745 - __main__ - INFO - [진단] 생성된 지원자 JOB01_002: required_activities=['토론면접', '발표준비', '발표면접']
2025-07-15 11:34:59,745 - __main__ - INFO - [진단] 생성된 지원자 JOB01_003: required_activities=['토론면접', '발표준비', '발표면접']
2025-07-15 11:34:59,745 - __main__ - INFO - [진단] 생성된 지원자 JOB01_004: required_activities=['토론면접', '발표준비', '발표면접']
2025-07-15 11:34:59,746 - __main__ - INFO - [진단] 생성된 지원자 JOB01_005: required_activities=['토론면접', '발표준비', '발표면접']
2025-07-15 11:34:59,746 - __main__ - INFO - [진단] 생성된 지원자 JOB01_006: required_activities=['토론면접', '발표준비', '발표면접']
2025-07-15 11:34:59,746 - __main__ - INFO - [진단] 생성된 지원자 JOB01_007: required_activities=['토론면접', '발표준비', '발표면접']
2025-07-15 11:34:59,747 - __main__ - INFO - [진단] 생성된 지원자 JOB01_008: required_activities=['토론면접', '발표준비', '발표면접']
2025-07-15 11:34:59,747 - __main__ - INFO - [진단] 생성된 지원자 JOB01_009: required_activities=['토론면접', '발표준비', '발표면접']
2025-07-15 11:34:59,747 - __main__ - INFO - [진단] 생성된 지원자 JOB01_010: required_activities=['토론면접', '발표준비', '발표면접']
2025-07-15 11:34:59,747 - __main__ - INFO - [진단] 생성된 지원자 JOB01_011: required_activities=['토론면접', '발표준비', '발표면접']
2025-07-15 11:34:59,747 - __main__ - INFO - [진단] 생성된 지원자 JOB01_012: required_activities=['토론면접', '발표준비', '발표면접']
2025-07-15 11:34:59,747 - __main__ - INFO - [진단] 생성된 지원자 JOB01_013: required_activities=['토론면접', '발표준비', '발표면접']
2025-07-15 11:34:59,748 - __main__ - INFO - [진단] 생성된 지원자 JOB01_014: required_activities=['토론면접', '발표준비', '발표면접']
2025-07-15 11:34:59,749 - __main__ - INFO - [진단] 생성된 지원자 JOB01_015: required_activities=['토론면접', '발표준비', '발표면접']
2025-07-15 11:34:59,749 - __main__ - INFO - [진단] 생성된 지원자 JOB01_016: required_activities=['토론면접', '발표준비', '발표면접']
2025-07-15 11:34:59,750 - __main__ - INFO - [진단] 생성된 지원자 JOB01_017: required_activities=['토론면접', '발표준비', '발표면접']
2025-07-15 11:34:59,750 - __main__ - INFO - [진단] 생성된 지원자 JOB01_018: required_activities=['토론면접', '발표준비', '발표면접']
2025-07-15 11:34:59,750 - __main__ - INFO - [진단] 생성된 지원자 JOB01_019: required_activities=['토론면접', '발표준비', '발표면접']
2025-07-15 11:34:59,750 - __main__ - INFO - [진단] 생성된 지원자 JOB01_020: required_activities=['토론면접', '발표준비', '발표면접']
2025-07-15 11:34:59,751 - __main__ - INFO - [진단] _create_applicants 완료: 총 20명 지원자 생성
2025-07-15 11:34:59,751 - __main__ - INFO - [진단] 그룹 최적화 시작 (V2): 20명 지원자, 활동: ['토론면접', '발표준비', '발표면접']
2025-07-15 11:34:59,751 - __main__ - INFO - [진단] Batched 활동: ['토론면접']
2025-07-15 11:34:59,751 - __main__ - INFO - [진단] 직무별 지원자 분포: { JOB01: 20명 }
2025-07-15 11:34:59,752 - __main__ - INFO - [진단] 지원자 JOB01_001의 required_activities: ['토론면접', '발표준비', '발표면접'], activity.name: 토론면접, 포함여부: True
2025-07-15 11:34:59,752 - __main__ - INFO - [진단] 지원자 JOB01_002의 required_activities: ['토론면접', '발표준비', '발표면접'], activity.name: 토론면접, 포함여부: True
2025-07-15 11:34:59,752 - __main__ - INFO - [진단] 지원자 JOB01_003의 required_activities: ['토론면접', '발표준비', '발표면접'], activity.name: 토론면접, 포함여부: True
2025-07-15 11:34:59,752 - __main__ - INFO - [진단] 지원자 JOB01_004의 required_activities: ['토론면접', '발표준비', '발표면접'], activity.name: 토론면접, 포함여부: True
2025-07-15 11:34:59,753 - __main__ - INFO - [진단] 지원자 JOB01_005의 required_activities: ['토론면접', '발표준비', '발표면접'], activity.name: 토론면접, 포함여부: True
2025-07-15 11:34:59,753 - __main__ - INFO - [진단] 지원자 JOB01_006의 required_activities: ['토론면접', '발표준비', '발표면접'], activity.name: 토론면접, 포함여부: True
2025-07-15 11:34:59,753 - __main__ - INFO - [진단] 지원자 JOB01_007의 required_activities: ['토론면접', '발표준비', '발표면접'], activity.name: 토론면접, 포함여부: True
2025-07-15 11:34:59,753 - __main__ - INFO - [진단] 지원자 JOB01_008의 required_activities: ['토론면접', '발표준비', '발표면접'], activity.name: 토론면접, 포함여부: True
2025-07-15 11:34:59,753 - __main__ - INFO - [진단] 지원자 JOB01_009의 required_activities: ['토론면접', '발표준비', '발표면접'], activity.name: 토론면접, 포함여부: True
2025-07-15 11:34:59,753 - __main__ - INFO - [진단] 지원자 JOB01_010의 required_activities: ['토론면접', '발표준비', '발표면접'], activity.name: 토론면접, 포함여부: True
2025-07-15 11:34:59,754 - __main__ - INFO - [진단] 지원자 JOB01_011의 required_activities: ['토론면접', '발표준비', '발표면접'], activity.name: 토론면접, 포함여부: True
2025-07-15 11:34:59,754 - __main__ - INFO - [진단] 지원자 JOB01_012의 required_activities: ['토론면접', '발표준비', '발표면접'], activity.name: 토론면접, 포함여부: True
2025-07-15 11:34:59,755 - __main__ - INFO - [진단] 지원자 JOB01_013의 required_activities: ['토론면접', '발표준비', '발표면접'], activity.name: 토론면접, 포함여부: True
2025-07-15 11:34:59,755 - __main__ - INFO - [진단] 지원자 JOB01_014의 required_activities: ['토론면접', '발표준비', '발표면접'], activity.name: 토론면접, 포함여부: True
2025-07-15 11:34:59,755 - __main__ - INFO - [진단] 지원자 JOB01_015의 required_activities: ['토론면접', '발표준비', '발표면접'], activity.name: 토론면접, 포함여부: True
2025-07-15 11:34:59,756 - __main__ - INFO - [진단] 지원자 JOB01_016의 required_activities: ['토론면접', '발표준비', '발표면접'], activity.name: 토론면접, 포함여부: True
2025-07-15 11:34:59,756 - __main__ - INFO - [진단] 지원자 JOB01_017의 required_activities: ['토론면접', '발표준비', '발표면접'], activity.name: 토론면접, 포함여부: True
2025-07-15 11:34:59,756 - __main__ - INFO - [진단] 지원자 JOB01_018의 required_activities: ['토론면접', '발표준비', '발표면접'], activity.name: 토론면접, 포함여부: True
2025-07-15 11:34:59,757 - __main__ - INFO - [진단] 지원자 JOB01_019의 required_activities: ['토론면접', '발표준비', '발표면접'], activity.name: 토론면접, 포함여부: True
2025-07-15 11:34:59,757 - __main__ - INFO - [진단] 지원자 JOB01_020의 required_activities: ['토론면접', '발표준비', '발표면접'], activity.name: 토론면접, 포함여부: True
2025-07-15 11:34:59,757 - __main__ - INFO - [진단] 직무 JOB01에서 활동 '토론면접' 수행 지원자 존재 여부: True
2025-07-15 11:34:59,758 - __main__ - INFO - [진단] JOB01 직무의 batched 활동: ['토론면접']
2025-07-15 11:34:59,758 - __main__ - INFO - [진단] JOB01: 지원자 20명, 그룹 크기 4~6
2025-07-15 11:34:59,758 - __main__ - INFO - [진단] _create_common_groups: JOB01, 지원자 20명, 그룹 크기 4~6
2025-07-15 11:34:59,759 - __main__ - INFO - [진단] 그룹 수: 4, 더미 수: 0
2025-07-15 11:34:59,759 - __main__ - INFO - [진단] _create_common_groups: 생성된 그룹 4개, 더미 0명
2025-07-15 11:34:59,760 - __main__ - INFO - [진단] JOB01: 생성된 그룹 수 4, 더미 0명
2025-07-15 11:34:59,760 - __main__ - INFO - [진단] 활동 토론면접에 할당된 그룹 수: 4
2025-07-15 11:34:59,760 - __main__ - INFO - [진단] 그룹 최적화 완료 (V2): 4개 그룹, 0명 더미
2025-07-15 11:34:59,761 - __main__ - INFO - [진행상황] Level1: 100.0% - {'groups': 4, 'dummies': 0, 'time': 0.017251014709472656}
2025-07-15 11:34:59,761 - __main__ - INFO - [진단] Level 1 그룹/지원자 상세 로그
2025-07-15 11:34:59,761 - __main__ - INFO - [진단] 활동: 토론면접, 그룹 수: 4
2025-07-15 11:34:59,761 - __main__ - INFO -   - 그룹ID: JOB01_G001, 크기: 5, 지원자: ['JOB01_001', 'JOB01_002', 'JOB01_003', 'JOB01_004', 'JOB01_005']
2025-07-15 11:34:59,762 - __main__ - INFO -     * 지원자ID: JOB01_001, required_activities: ['토론면접', '발표준비', '발표면접'], is_dummy: False
2025-07-15 11:34:59,762 - __main__ - INFO -     * 지원자ID: JOB01_002, required_activities: ['토론면접', '발표준비', '발표면접'], is_dummy: False
2025-07-15 11:34:59,762 - __main__ - INFO -     * 지원자ID: JOB01_003, required_activities: ['토론면접', '발표준비', '발표면접'], is_dummy: False
2025-07-15 11:34:59,762 - __main__ - INFO -     * 지원자ID: JOB01_004, required_activities: ['토론면접', '발표준비', '발표면접'], is_dummy: False
2025-07-15 11:34:59,762 - __main__ - INFO -     * 지원자ID: JOB01_005, required_activities: ['토론면접', '발표준비', '발표면접'], is_dummy: False
2025-07-15 11:34:59,762 - __main__ - INFO -   - 그룹ID: JOB01_G002, 크기: 5, 지원자: ['JOB01_006', 'JOB01_007', 'JOB01_008', 'JOB01_009', 'JOB01_010']
2025-07-15 11:34:59,763 - __main__ - INFO -     * 지원자ID: JOB01_006, required_activities: ['토론면접', '발표준비', '발표면접'], is_dummy: False
2025-07-15 11:34:59,763 - __main__ - INFO -     * 지원자ID: JOB01_007, required_activities: ['토론면접', '발표준비', '발표면접'], is_dummy: False
2025-07-15 11:34:59,763 - __main__ - INFO -     * 지원자ID: JOB01_008, required_activities: ['토론면접', '발표준비', '발표면접'], is_dummy: False
2025-07-15 11:34:59,763 - __main__ - INFO -     * 지원자ID: JOB01_009, required_activities: ['토론면접', '발표준비', '발표면접'], is_dummy: False
2025-07-15 11:34:59,763 - __main__ - INFO -     * 지원자ID: JOB01_010, required_activities: ['토론면접', '발표준비', '발표면접'], is_dummy: False
2025-07-15 11:34:59,763 - __main__ - INFO -   - 그룹ID: JOB01_G003, 크기: 5, 지원자: ['JOB01_011', 'JOB01_012', 'JOB01_013', 'JOB01_014', 'JOB01_015']
2025-07-15 11:34:59,764 - __main__ - INFO -     * 지원자ID: JOB01_011, required_activities: ['토론면접', '발표준비', '발표면접'], is_dummy: False
2025-07-15 11:34:59,764 - __main__ - INFO -     * 지원자ID: JOB01_012, required_activities: ['토론면접', '발표준비', '발표면접'], is_dummy: False
2025-07-15 11:34:59,764 - __main__ - INFO -     * 지원자ID: JOB01_013, required_activities: ['토론면접', '발표준비', '발표면접'], is_dummy: False
2025-07-15 11:34:59,764 - __main__ - INFO -     * 지원자ID: JOB01_014, required_activities: ['토론면접', '발표준비', '발표면접'], is_dummy: False
2025-07-15 11:34:59,764 - __main__ - INFO -     * 지원자ID: JOB01_015, required_activities: ['토론면접', '발표준비', '발표면접'], is_dummy: False
2025-07-15 11:34:59,764 - __main__ - INFO -   - 그룹ID: JOB01_G004, 크기: 5, 지원자: ['JOB01_016', 'JOB01_017', 'JOB01_018', 'JOB01_019', 'JOB01_020']
2025-07-15 11:34:59,765 - __main__ - INFO -     * 지원자ID: JOB01_016, required_activities: ['토론면접', '발표준비', '발표면접'], is_dummy: False
2025-07-15 11:34:59,765 - __main__ - INFO -     * 지원자ID: JOB01_017, required_activities: ['토론면접', '발표준비', '발표면접'], is_dummy: False
2025-07-15 11:34:59,765 - __main__ - INFO -     * 지원자ID: JOB01_018, required_activities: ['토론면접', '발표준비', '발표면접'], is_dummy: False
2025-07-15 11:34:59,765 - __main__ - INFO -     * 지원자ID: JOB01_019, required_activities: ['토론면접', '발표준비', '발표면접'], is_dummy: False
2025-07-15 11:34:59,766 - __main__ - INFO -     * 지원자ID: JOB01_020, required_activities: ['토론면접', '발표준비', '발표면접'], is_dummy: False
2025-07-15 11:34:59,766 - __main__ - INFO - [진단] Level 1 전체 지원자 목록:
2025-07-15 11:34:59,766 - __main__ - INFO -   - 지원자ID: JOB01_001, required_activities: ['토론면접', '발표준비', '발표면접'], is_dummy: False
2025-07-15 11:34:59,767 - __main__ - INFO -   - 지원자ID: JOB01_002, required_activities: ['토론면접', '발표준비', '발표면접'], is_dummy: False
2025-07-15 11:34:59,767 - __main__ - INFO -   - 지원자ID: JOB01_003, required_activities: ['토론면접', '발표준비', '발표면접'], is_dummy: False
2025-07-15 11:34:59,767 - __main__ - INFO -   - 지원자ID: JOB01_004, required_activities: ['토론면접', '발표준비', '발표면접'], is_dummy: False
2025-07-15 11:34:59,767 - __main__ - INFO -   - 지원자ID: JOB01_005, required_activities: ['토론면접', '발표준비', '발표면접'], is_dummy: False
2025-07-15 11:34:59,768 - __main__ - INFO -   - 지원자ID: JOB01_006, required_activities: ['토론면접', '발표준비', '발표면접'], is_dummy: False
2025-07-15 11:34:59,768 - __main__ - INFO -   - 지원자ID: JOB01_007, required_activities: ['토론면접', '발표준비', '발표면접'], is_dummy: False
2025-07-15 11:34:59,768 - __main__ - INFO -   - 지원자ID: JOB01_008, required_activities: ['토론면접', '발표준비', '발표면접'], is_dummy: False
2025-07-15 11:34:59,768 - __main__ - INFO -   - 지원자ID: JOB01_009, required_activities: ['토론면접', '발표준비', '발표면접'], is_dummy: False
2025-07-15 11:34:59,769 - __main__ - INFO -   - 지원자ID: JOB01_010, required_activities: ['토론면접', '발표준비', '발표면접'], is_dummy: False
2025-07-15 11:34:59,769 - __main__ - INFO -   - 지원자ID: JOB01_011, required_activities: ['토론면접', '발표준비', '발표면접'], is_dummy: False
2025-07-15 11:34:59,769 - __main__ - INFO -   - 지원자ID: JOB01_012, required_activities: ['토론면접', '발표준비', '발표면접'], is_dummy: False
2025-07-15 11:34:59,769 - __main__ - INFO -   - 지원자ID: JOB01_013, required_activities: ['토론면접', '발표준비', '발표면접'], is_dummy: False
2025-07-15 11:34:59,769 - __main__ - INFO -   - 지원자ID: JOB01_014, required_activities: ['토론면접', '발표준비', '발표면접'], is_dummy: False
2025-07-15 11:34:59,770 - __main__ - INFO -   - 지원자ID: JOB01_015, required_activities: ['토론면접', '발표준비', '발표면접'], is_dummy: False
2025-07-15 11:34:59,770 - __main__ - INFO -   - 지원자ID: JOB01_016, required_activities: ['토론면접', '발표준비', '발표면접'], is_dummy: False
2025-07-15 11:34:59,770 - __main__ - INFO -   - 지원자ID: JOB01_017, required_activities: ['토론면접', '발표준비', '발표면접'], is_dummy: False
2025-07-15 11:34:59,770 - __main__ - INFO -   - 지원자ID: JOB01_018, required_activities: ['토론면접', '발표준비', '발표면접'], is_dummy: False
2025-07-15 11:34:59,771 - __main__ - INFO -   - 지원자ID: JOB01_019, required_activities: ['토론면접', '발표준비', '발표면접'], is_dummy: False
2025-07-15 11:34:59,771 - __main__ - INFO -   - 지원자ID: JOB01_020, required_activities: ['토론면접', '발표준비', '발표면접'], is_dummy: False
2025-07-15 11:34:59,771 - __main__ - INFO - [진행상황] Level23: 0.0% - {}
2025-07-15 11:34:59,771 - __main__ - INFO - 
===== [CP-SAT 통합 스케줄러 진단 시작] =====
2025-07-15 11:34:59,772 - __main__ - INFO - [진단] 입력 데이터 상세 로그 (Level1 그룹/지원자/활동/방/제약조건)
2025-07-15 11:34:59,772 - __main__ - INFO - [진단] 활동: 토론면접, 그룹 수: 4
2025-07-15 11:34:59,772 - __main__ - INFO -   - 그룹ID: JOB01_G001, 크기: 5, 지원자: ['JOB01_001', 'JOB01_002', 'JOB01_003', 'JOB01_004', 'JOB01_005']
2025-07-15 11:34:59,773 - __main__ - INFO -     * 지원자ID: JOB01_001, required_activities: ['토론면접', '발표준비', '발표면접'], is_dummy: False
2025-07-15 11:34:59,773 - __main__ - INFO -     * 지원자ID: JOB01_002, required_activities: ['토론면접', '발표준비', '발표면접'], is_dummy: False
2025-07-15 11:34:59,773 - __main__ - INFO -     * 지원자ID: JOB01_003, required_activities: ['토론면접', '발표준비', '발표면접'], is_dummy: False
2025-07-15 11:34:59,773 - __main__ - INFO -     * 지원자ID: JOB01_004, required_activities: ['토론면접', '발표준비', '발표면접'], is_dummy: False
2025-07-15 11:34:59,773 - __main__ - INFO -     * 지원자ID: JOB01_005, required_activities: ['토론면접', '발표준비', '발표면접'], is_dummy: False
2025-07-15 11:34:59,773 - __main__ - INFO -   - 그룹ID: JOB01_G002, 크기: 5, 지원자: ['JOB01_006', 'JOB01_007', 'JOB01_008', 'JOB01_009', 'JOB01_010']
2025-07-15 11:34:59,774 - __main__ - INFO -     * 지원자ID: JOB01_006, required_activities: ['토론면접', '발표준비', '발표면접'], is_dummy: False
2025-07-15 11:34:59,774 - __main__ - INFO -     * 지원자ID: JOB01_007, required_activities: ['토론면접', '발표준비', '발표면접'], is_dummy: False
2025-07-15 11:34:59,774 - __main__ - INFO -     * 지원자ID: JOB01_008, required_activities: ['토론면접', '발표준비', '발표면접'], is_dummy: False
2025-07-15 11:34:59,775 - __main__ - INFO -     * 지원자ID: JOB01_009, required_activities: ['토론면접', '발표준비', '발표면접'], is_dummy: False
2025-07-15 11:34:59,775 - __main__ - INFO -     * 지원자ID: JOB01_010, required_activities: ['토론면접', '발표준비', '발표면접'], is_dummy: False
2025-07-15 11:34:59,775 - __main__ - INFO -   - 그룹ID: JOB01_G003, 크기: 5, 지원자: ['JOB01_011', 'JOB01_012', 'JOB01_013', 'JOB01_014', 'JOB01_015']
2025-07-15 11:34:59,775 - __main__ - INFO -     * 지원자ID: JOB01_011, required_activities: ['토론면접', '발표준비', '발표면접'], is_dummy: False
2025-07-15 11:34:59,775 - __main__ - INFO -     * 지원자ID: JOB01_012, required_activities: ['토론면접', '발표준비', '발표면접'], is_dummy: False
2025-07-15 11:34:59,776 - __main__ - INFO -     * 지원자ID: JOB01_013, required_activities: ['토론면접', '발표준비', '발표면접'], is_dummy: False
2025-07-15 11:34:59,776 - __main__ - INFO -     * 지원자ID: JOB01_014, required_activities: ['토론면접', '발표준비', '발표면접'], is_dummy: False
2025-07-15 11:34:59,776 - __main__ - INFO -     * 지원자ID: JOB01_015, required_activities: ['토론면접', '발표준비', '발표면접'], is_dummy: False
2025-07-15 11:34:59,776 - __main__ - INFO -   - 그룹ID: JOB01_G004, 크기: 5, 지원자: ['JOB01_016', 'JOB01_017', 'JOB01_018', 'JOB01_019', 'JOB01_020']
2025-07-15 11:34:59,777 - __main__ - INFO -     * 지원자ID: JOB01_016, required_activities: ['토론면접', '발표준비', '발표면접'], is_dummy: False
2025-07-15 11:34:59,777 - __main__ - INFO -     * 지원자ID: JOB01_017, required_activities: ['토론면접', '발표준비', '발표면접'], is_dummy: False
2025-07-15 11:34:59,777 - __main__ - INFO -     * 지원자ID: JOB01_018, required_activities: ['토론면접', '발표준비', '발표면접'], is_dummy: False
2025-07-15 11:34:59,777 - __main__ - INFO -     * 지원자ID: JOB01_019, required_activities: ['토론면접', '발표준비', '발표면접'], is_dummy: False
2025-07-15 11:34:59,777 - __main__ - INFO -     * 지원자ID: JOB01_020, required_activities: ['토론면접', '발표준비', '발표면접'], is_dummy: False
2025-07-15 11:34:59,778 - __main__ - INFO - [진단] 전체 지원자 목록:
2025-07-15 11:34:59,778 - __main__ - INFO -   - 지원자ID: JOB01_001, required_activities: ['토론면접', '발표준비', '발표면접'], is_dummy: False
2025-07-15 11:34:59,778 - __main__ - INFO -   - 지원자ID: JOB01_002, required_activities: ['토론면접', '발표준비', '발표면접'], is_dummy: False
2025-07-15 11:34:59,778 - __main__ - INFO -   - 지원자ID: JOB01_003, required_activities: ['토론면접', '발표준비', '발표면접'], is_dummy: False
2025-07-15 11:34:59,778 - __main__ - INFO -   - 지원자ID: JOB01_004, required_activities: ['토론면접', '발표준비', '발표면접'], is_dummy: False
2025-07-15 11:34:59,779 - __main__ - INFO -   - 지원자ID: JOB01_005, required_activities: ['토론면접', '발표준비', '발표면접'], is_dummy: False
2025-07-15 11:34:59,779 - __main__ - INFO -   - 지원자ID: JOB01_006, required_activities: ['토론면접', '발표준비', '발표면접'], is_dummy: False
2025-07-15 11:34:59,779 - __main__ - INFO -   - 지원자ID: JOB01_007, required_activities: ['토론면접', '발표준비', '발표면접'], is_dummy: False
2025-07-15 11:34:59,780 - __main__ - INFO -   - 지원자ID: JOB01_008, required_activities: ['토론면접', '발표준비', '발표면접'], is_dummy: False
2025-07-15 11:34:59,780 - __main__ - INFO -   - 지원자ID: JOB01_009, required_activities: ['토론면접', '발표준비', '발표면접'], is_dummy: False
2025-07-15 11:34:59,780 - __main__ - INFO -   - 지원자ID: JOB01_010, required_activities: ['토론면접', '발표준비', '발표면접'], is_dummy: False
2025-07-15 11:34:59,781 - __main__ - INFO -   - 지원자ID: JOB01_011, required_activities: ['토론면접', '발표준비', '발표면접'], is_dummy: False
2025-07-15 11:34:59,781 - __main__ - INFO -   - 지원자ID: JOB01_012, required_activities: ['토론면접', '발표준비', '발표면접'], is_dummy: False
2025-07-15 11:34:59,781 - __main__ - INFO -   - 지원자ID: JOB01_013, required_activities: ['토론면접', '발표준비', '발표면접'], is_dummy: False
2025-07-15 11:34:59,781 - __main__ - INFO -   - 지원자ID: JOB01_014, required_activities: ['토론면접', '발표준비', '발표면접'], is_dummy: False
2025-07-15 11:34:59,782 - __main__ - INFO -   - 지원자ID: JOB01_015, required_activities: ['토론면접', '발표준비', '발표면접'], is_dummy: False
2025-07-15 11:34:59,783 - __main__ - INFO -   - 지원자ID: JOB01_016, required_activities: ['토론면접', '발표준비', '발표면접'], is_dummy: False
2025-07-15 11:34:59,783 - __main__ - INFO -   - 지원자ID: JOB01_017, required_activities: ['토론면접', '발표준비', '발표면접'], is_dummy: False
2025-07-15 11:34:59,783 - __main__ - INFO -   - 지원자ID: JOB01_018, required_activities: ['토론면접', '발표준비', '발표면접'], is_dummy: False
2025-07-15 11:34:59,784 - __main__ - INFO -   - 지원자ID: JOB01_019, required_activities: ['토론면접', '발표준비', '발표면접'], is_dummy: False
2025-07-15 11:34:59,784 - __main__ - INFO -   - 지원자ID: JOB01_020, required_activities: ['토론면접', '발표준비', '발표면접'], is_dummy: False
2025-07-15 11:34:59,784 - __main__ - INFO - [진단] 활동 목록:
2025-07-15 11:34:59,785 - __main__ - INFO -   - 토론면접, mode=ActivityMode.BATCHED, duration=30, min_cap=4, max_cap=6, required_rooms=[]
2025-07-15 11:34:59,785 - __main__ - INFO -   - 발표준비, mode=ActivityMode.PARALLEL, duration=5, min_cap=1, max_cap=2, required_rooms=[]
2025-07-15 11:34:59,786 - __main__ - INFO -   - 발표면접, mode=ActivityMode.INDIVIDUAL, duration=15, min_cap=1, max_cap=1, required_rooms=[]
2025-07-15 11:34:59,786 - __main__ - INFO - [진단] 방 목록:
2025-07-15 11:34:59,786 - __main__ - INFO -   - 토론면접실_1, type=토론면접실, cap=6
2025-07-15 11:34:59,786 - __main__ - INFO -   - 토론면접실_2, type=토론면접실, cap=6
2025-07-15 11:34:59,787 - __main__ - INFO -   - 발표준비실_1, type=발표준비실, cap=2
2025-07-15 11:34:59,787 - __main__ - INFO -   - 발표면접실_1, type=발표면접실, cap=1
2025-07-15 11:34:59,787 - __main__ - INFO -   - 발표면접실_2, type=발표면접실, cap=1
2025-07-15 11:34:59,788 - __main__ - INFO - [진단] 선후행 제약조건 목록:
2025-07-15 11:34:59,788 - __main__ - INFO -   - 발표준비 → 발표면접, gap_min=0, is_adjacent=True
2025-07-15 11:34:59,803 - __main__ - INFO - [진단] Batched 변수 생성: 그룹ID=JOB01_G001, 활동=토론면접, duration=30, 지원자=['JOB01_001', 'JOB01_002', 'JOB01_003', 'JOB01_004', 'JOB01_005']
2025-07-15 11:34:59,805 - __main__ - INFO - [진단] Batched 변수 생성: 그룹ID=JOB01_G002, 활동=토론면접, duration=30, 지원자=['JOB01_006', 'JOB01_007', 'JOB01_008', 'JOB01_009', 'JOB01_010']
2025-07-15 11:34:59,806 - __main__ - INFO - [진단] Batched 변수 생성: 그룹ID=JOB01_G003, 활동=토론면접, duration=30, 지원자=['JOB01_011', 'JOB01_012', 'JOB01_013', 'JOB01_014', 'JOB01_015']
2025-07-15 11:34:59,806 - __main__ - INFO - [진단] Batched 변수 생성: 그룹ID=JOB01_G004, 활동=토론면접, duration=30, 지원자=['JOB01_016', 'JOB01_017', 'JOB01_018', 'JOB01_019', 'JOB01_020']
2025-07-15 11:34:59,812 - __main__ - INFO - [진단] Individual 변수 생성: 지원자=JOB01_001, 활동=발표준비, duration=5
2025-07-15 11:34:59,814 - __main__ - INFO - [진단] Individual 변수 생성: 지원자=JOB01_001, 활동=발표면접, duration=15
2025-07-15 11:34:59,816 - __main__ - INFO - [진단] Individual 변수 생성: 지원자=JOB01_002, 활동=발표준비, duration=5
2025-07-15 11:34:59,818 - __main__ - INFO - [진단] Individual 변수 생성: 지원자=JOB01_002, 활동=발표면접, duration=15
2025-07-15 11:34:59,819 - __main__ - INFO - [진단] Individual 변수 생성: 지원자=JOB01_003, 활동=발표준비, duration=5
2025-07-15 11:34:59,820 - __main__ - INFO - [진단] Individual 변수 생성: 지원자=JOB01_003, 활동=발표면접, duration=15
2025-07-15 11:34:59,821 - __main__ - INFO - [진단] Individual 변수 생성: 지원자=JOB01_004, 활동=발표준비, duration=5
2025-07-15 11:34:59,821 - __main__ - INFO - [진단] Individual 변수 생성: 지원자=JOB01_004, 활동=발표면접, duration=15
2025-07-15 11:34:59,822 - __main__ - INFO - [진단] Individual 변수 생성: 지원자=JOB01_005, 활동=발표준비, duration=5
2025-07-15 11:34:59,823 - __main__ - INFO - [진단] Individual 변수 생성: 지원자=JOB01_005, 활동=발표면접, duration=15
2025-07-15 11:34:59,823 - __main__ - INFO - [진단] Individual 변수 생성: 지원자=JOB01_006, 활동=발표준비, duration=5
2025-07-15 11:34:59,824 - __main__ - INFO - [진단] Individual 변수 생성: 지원자=JOB01_006, 활동=발표면접, duration=15
2025-07-15 11:34:59,824 - __main__ - INFO - [진단] Individual 변수 생성: 지원자=JOB01_007, 활동=발표준비, duration=5
2025-07-15 11:34:59,825 - __main__ - INFO - [진단] Individual 변수 생성: 지원자=JOB01_007, 활동=발표면접, duration=15
2025-07-15 11:34:59,825 - __main__ - INFO - [진단] Individual 변수 생성: 지원자=JOB01_008, 활동=발표준비, duration=5
2025-07-15 11:34:59,825 - __main__ - INFO - [진단] Individual 변수 생성: 지원자=JOB01_008, 활동=발표면접, duration=15
2025-07-15 11:34:59,826 - __main__ - INFO - [진단] Individual 변수 생성: 지원자=JOB01_009, 활동=발표준비, duration=5
2025-07-15 11:34:59,826 - __main__ - INFO - [진단] Individual 변수 생성: 지원자=JOB01_009, 활동=발표면접, duration=15
2025-07-15 11:34:59,826 - __main__ - INFO - [진단] Individual 변수 생성: 지원자=JOB01_010, 활동=발표준비, duration=5
2025-07-15 11:34:59,827 - __main__ - INFO - [진단] Individual 변수 생성: 지원자=JOB01_010, 활동=발표면접, duration=15
2025-07-15 11:34:59,827 - __main__ - INFO - [진단] Individual 변수 생성: 지원자=JOB01_011, 활동=발표준비, duration=5
2025-07-15 11:34:59,827 - __main__ - INFO - [진단] Individual 변수 생성: 지원자=JOB01_011, 활동=발표면접, duration=15
2025-07-15 11:34:59,829 - __main__ - INFO - [진단] Individual 변수 생성: 지원자=JOB01_012, 활동=발표준비, duration=5
2025-07-15 11:34:59,829 - __main__ - INFO - [진단] Individual 변수 생성: 지원자=JOB01_012, 활동=발표면접, duration=15
2025-07-15 11:34:59,829 - __main__ - INFO - [진단] Individual 변수 생성: 지원자=JOB01_013, 활동=발표준비, duration=5
2025-07-15 11:34:59,829 - __main__ - INFO - [진단] Individual 변수 생성: 지원자=JOB01_013, 활동=발표면접, duration=15
2025-07-15 11:34:59,829 - __main__ - INFO - [진단] Individual 변수 생성: 지원자=JOB01_014, 활동=발표준비, duration=5
2025-07-15 11:34:59,831 - __main__ - INFO - [진단] Individual 변수 생성: 지원자=JOB01_014, 활동=발표면접, duration=15
2025-07-15 11:34:59,831 - __main__ - INFO - [진단] Individual 변수 생성: 지원자=JOB01_015, 활동=발표준비, duration=5
2025-07-15 11:34:59,831 - __main__ - INFO - [진단] Individual 변수 생성: 지원자=JOB01_015, 활동=발표면접, duration=15
2025-07-15 11:34:59,832 - __main__ - INFO - [진단] Individual 변수 생성: 지원자=JOB01_016, 활동=발표준비, duration=5
2025-07-15 11:34:59,832 - __main__ - INFO - [진단] Individual 변수 생성: 지원자=JOB01_016, 활동=발표면접, duration=15
2025-07-15 11:34:59,832 - __main__ - INFO - [진단] Individual 변수 생성: 지원자=JOB01_017, 활동=발표준비, duration=5
2025-07-15 11:34:59,833 - __main__ - INFO - [진단] Individual 변수 생성: 지원자=JOB01_017, 활동=발표면접, duration=15
2025-07-15 11:34:59,833 - __main__ - INFO - [진단] Individual 변수 생성: 지원자=JOB01_018, 활동=발표준비, duration=5
2025-07-15 11:34:59,834 - __main__ - INFO - [진단] Individual 변수 생성: 지원자=JOB01_018, 활동=발표면접, duration=15
2025-07-15 11:34:59,834 - __main__ - INFO - [진단] Individual 변수 생성: 지원자=JOB01_019, 활동=발표준비, duration=5
2025-07-15 11:34:59,835 - __main__ - INFO - [진단] Individual 변수 생성: 지원자=JOB01_019, 활동=발표면접, duration=15
2025-07-15 11:34:59,837 - __main__ - INFO - [진단] Individual 변수 생성: 지원자=JOB01_020, 활동=발표준비, duration=5
2025-07-15 11:34:59,840 - __main__ - INFO - [진단] Individual 변수 생성: 지원자=JOB01_020, 활동=발표면접, duration=15
2025-07-15 11:34:59,844 - __main__ - INFO - [진단] 변수 생성 완료 (소요: 0.04s)
2025-07-15 11:34:59,845 - __main__ - INFO -   - group_intervals: 4개
2025-07-15 11:34:59,845 - __main__ - INFO -   - group_starts: 4개
2025-07-15 11:34:59,845 - __main__ - INFO -   - group_ends: 4개
2025-07-15 11:34:59,845 - __main__ - INFO -   - group_rooms: 4개
2025-07-15 11:34:59,846 - __main__ - INFO -   - individual_intervals: 40개
2025-07-15 11:34:59,846 - __main__ - INFO -   - individual_starts: 40개
2025-07-15 11:34:59,846 - __main__ - INFO -   - individual_ends: 40개
2025-07-15 11:34:59,846 - __main__ - INFO -   - individual_presence: 40개
2025-07-15 11:34:59,847 - __main__ - INFO -   - individual_rooms: 40개
2025-07-15 11:34:59,856 - __main__ - INFO - [진단] 제약조건 추가 완료 (소요: 0.01s)
2025-07-15 11:34:59,861 - __main__ - DEBUG - 지원자 JOB01_001: 3개 활동 체류시간 변수 생성
2025-07-15 11:34:59,863 - __main__ - DEBUG - 지원자 JOB01_002: 3개 활동 체류시간 변수 생성
2025-07-15 11:34:59,863 - __main__ - DEBUG - 지원자 JOB01_003: 3개 활동 체류시간 변수 생성
2025-07-15 11:34:59,863 - __main__ - DEBUG - 지원자 JOB01_004: 3개 활동 체류시간 변수 생성
2025-07-15 11:34:59,863 - __main__ - DEBUG - 지원자 JOB01_005: 3개 활동 체류시간 변수 생성
2025-07-15 11:34:59,865 - __main__ - DEBUG - 지원자 JOB01_006: 3개 활동 체류시간 변수 생성
2025-07-15 11:34:59,865 - __main__ - DEBUG - 지원자 JOB01_007: 3개 활동 체류시간 변수 생성
2025-07-15 11:34:59,865 - __main__ - DEBUG - 지원자 JOB01_008: 3개 활동 체류시간 변수 생성
2025-07-15 11:34:59,865 - __main__ - DEBUG - 지원자 JOB01_009: 3개 활동 체류시간 변수 생성
2025-07-15 11:34:59,866 - __main__ - DEBUG - 지원자 JOB01_010: 3개 활동 체류시간 변수 생성
2025-07-15 11:34:59,866 - __main__ - DEBUG - 지원자 JOB01_011: 3개 활동 체류시간 변수 생성
2025-07-15 11:34:59,867 - __main__ - DEBUG - 지원자 JOB01_012: 3개 활동 체류시간 변수 생성
2025-07-15 11:34:59,868 - __main__ - DEBUG - 지원자 JOB01_013: 3개 활동 체류시간 변수 생성
2025-07-15 11:34:59,868 - __main__ - DEBUG - 지원자 JOB01_014: 3개 활동 체류시간 변수 생성
2025-07-15 11:34:59,869 - __main__ - DEBUG - 지원자 JOB01_015: 3개 활동 체류시간 변수 생성
2025-07-15 11:34:59,869 - __main__ - DEBUG - 지원자 JOB01_016: 3개 활동 체류시간 변수 생성
2025-07-15 11:34:59,870 - __main__ - DEBUG - 지원자 JOB01_017: 3개 활동 체류시간 변수 생성
2025-07-15 11:34:59,870 - __main__ - DEBUG - 지원자 JOB01_018: 3개 활동 체류시간 변수 생성
2025-07-15 11:34:59,871 - __main__ - DEBUG - 지원자 JOB01_019: 3개 활동 체류시간 변수 생성
2025-07-15 11:34:59,871 - __main__ - DEBUG - 지원자 JOB01_020: 3개 활동 체류시간 변수 생성
2025-07-15 11:34:59,875 - __main__ - INFO - [진단] 목적함수 변수 개수: 20 (소요: 0.02s)
2025-07-15 11:35:00,162 - __main__ - INFO - [진단] Solve 종료 (소요: 0.28s), status: OPTIMAL
2025-07-15 11:35:00,164 - __main__ - INFO - [진단] Objective value: 1000.0
2025-07-15 11:35:00,164 - __main__ - INFO - [진단] NumConflicts: 0, NumBranches: 0, WallTime: 0.27s
2025-07-15 11:35:00,165 - __main__ - INFO - [진단] Model stats: #variables=N/A, #constraints=N/A
2025-07-15 11:35:00,165 - __main__ - INFO - [진단] 전체 소요 시간: 0.39s
2025-07-15 11:35:00,171 - __main__ - INFO - [진단] 결과 추출 단계 진입
2025-07-15 11:35:00,172 - __main__ - INFO - [진단] 추출된 Batched 스케줄 개수: 0
2025-07-15 11:35:00,173 - __main__ - INFO - [진단] 추출된 Individual 스케줄 개수: 0
2025-07-15 11:35:00,173 - __main__ - ERROR - [진단] 결과가 비어 있음! (Batched/Individual 모두 0개)
2025-07-15 11:35:00,178 - __main__ - INFO - [진행상황] Level23: 100.0% - {'batched_count': 0, 'individual_count': 0, 'time': 0.40677547454833984}
2025-07-15 11:35:00,178 - __main__ - INFO - === 스케줄링 결과 분석 ===
2025-07-15 11:35:00,179 - __main__ - INFO - 상태: FAILED
2025-07-15 11:35:00,179 - __main__ - INFO - 에러 메시지: None
2025-07-15 11:35:00,179 - __main__ - INFO - 로그 수: 3
2025-07-15 11:35:00,179 - __main__ - ERROR - 스케줄링 실패!
2025-07-15 11:35:00,179 - __main__ - ERROR - 로그: === 2025-07-15 스케줄링 시작 ===
2025-07-15 11:35:00,179 - __main__ - ERROR - 로그: Level 1 완료 (0.0초): 4개 그룹, 0명 더미
