2025-07-15 11:40:19,894 - __main__ - INFO - === app.py 디폴트 데이터 CP-SAT 테스트 시작 ===
2025-07-15 11:40:19,894 - __main__ - INFO - === CP-SAT 스케줄링 테스트 시작 ===
2025-07-15 11:40:19,894 - __main__ - INFO - === app.py 디폴트 데이터로 DateConfig 생성 시작 ===
2025-07-15 11:40:19,894 - __main__ - INFO - [진단] app.py 디폴트 활동 데이터: {'use': [True, True, True], 'activity': ['토론면접', '발표준비', '발표면접'], 'mode': ['batched', 'parallel', 'individual'], 'duration_min': [30, 5, 15], 'room_type': ['토론면접실', '발표준비실', '발표면접실'], 'min_cap': [4, 1, 1], 'max_cap': [6, 2, 1]}
2025-07-15 11:40:19,898 - __main__ - INFO - [진단] 생성된 Activity: 토론면접, mode=ActivityMode.BATCHED, duration=30분, room=토론면접실, cap=4~6
2025-07-15 11:40:19,898 - __main__ - INFO - [진단] 생성된 Activity: 발표준비, mode=ActivityMode.PARALLEL, duration=5분, room=발표준비실, cap=1~2
2025-07-15 11:40:19,898 - __main__ - INFO - [진단] 생성된 Activity: 발표면접, mode=ActivityMode.INDIVIDUAL, duration=15분, room=발표면접실, cap=1~1
2025-07-15 11:40:19,898 - __main__ - INFO - [진단] app.py 디폴트 직무-활동 매핑: {('JOB01', '토론면접'): True, ('JOB01', '발표준비'): True, ('JOB01', '발표면접'): True}
2025-07-15 11:40:19,898 - __main__ - INFO - [진단] app.py 디폴트 직무 데이터: {'JOB01': 20}
2025-07-15 11:40:19,898 - __main__ - INFO - [진단] app.py 디폴트 운영 시간: 09:00:00 ~ 17:30:00
2025-07-15 11:40:19,899 - __main__ - INFO - [진단] app.py 디폴트 방 템플릿: {'토론면접실': {'count': 2, 'cap': 6}, '발표준비실': {'count': 1, 'cap': 2}, '발표면접실': {'count': 2, 'cap': 1}}
2025-07-15 11:40:19,899 - __main__ - INFO - [진단] 생성된 방 계획: {'토론면접실_count': 2, '토론면접실_cap': 6, '발표준비실_count': 1, '발표준비실_cap': 2, '발표면접실_count': 2, '발표면접실_cap': 1}
2025-07-15 11:40:19,899 - __main__ - INFO - [진단] 생성된 rooms: ['토론면접실_1', '토론면접실_2', '발표준비실_1', '발표면접실_1', '발표면접실_2']
2025-07-15 11:40:19,899 - __main__ - INFO - [진단] 생성된 operating_hours: (datetime.timedelta(seconds=32400), datetime.timedelta(seconds=63000))
2025-07-15 11:40:19,900 - __main__ - INFO - [진단] app.py 디폴트 선후행 제약: [{'predecessor': '발표준비', 'successor': '발표면접', 'gap_min': 0, 'adjacent': True}]
2025-07-15 11:40:19,900 - __main__ - INFO - === DateConfig 생성 완료 ===
2025-07-15 11:40:19,900 - __main__ - INFO - [진단] 최종 DateConfig: date=2025-07-15 00:00:00, activities=['토론면접', '발표준비', '발표면접'], jobs={'JOB01': 20}
2025-07-15 11:40:19,901 - __main__ - INFO - === 스케줄링 실행 시작 ===
2025-07-15 11:40:19,901 - __main__ - INFO - [진행상황] Level1: 0.0% - {}
2025-07-15 11:40:19,901 - __main__ - INFO - [진단] _create_applicants 시작
2025-07-15 11:40:19,901 - __main__ - INFO - [진단] config.jobs: {'JOB01': 20}
2025-07-15 11:40:19,901 - __main__ - INFO - [진단] config.activities: ['토론면접', '발표준비', '발표면접']
2025-07-15 11:40:19,902 - __main__ - INFO - [진단] config.job_activity_matrix: {('JOB01', '토론면접'): True, ('JOB01', '발표준비'): True, ('JOB01', '발표면접'): True}
2025-07-15 11:40:19,902 - __main__ - INFO - [진단] 직무 JOB01 처리 중 (지원자 20명)
2025-07-15 11:40:19,902 - __main__ - INFO - [진단] 매트릭스 키 ('JOB01', '토론면접'): True
2025-07-15 11:40:19,902 - __main__ - INFO - [진단] 매트릭스 키 ('JOB01', '발표준비'): True
2025-07-15 11:40:19,902 - __main__ - INFO - [진단] 매트릭스 키 ('JOB01', '발표면접'): True
2025-07-15 11:40:19,903 - __main__ - INFO - [진단] 직무 JOB01의 required_activities: ['토론면접', '발표준비', '발표면접']
2025-07-15 11:40:19,903 - __main__ - INFO - [진단] 생성된 지원자 JOB01_001: required_activities=['토론면접', '발표준비', '발표면접']
2025-07-15 11:40:19,903 - __main__ - INFO - [진단] 생성된 지원자 JOB01_002: required_activities=['토론면접', '발표준비', '발표면접']
2025-07-15 11:40:19,903 - __main__ - INFO - [진단] 생성된 지원자 JOB01_003: required_activities=['토론면접', '발표준비', '발표면접']
2025-07-15 11:40:19,903 - __main__ - INFO - [진단] 생성된 지원자 JOB01_004: required_activities=['토론면접', '발표준비', '발표면접']
2025-07-15 11:40:19,903 - __main__ - INFO - [진단] 생성된 지원자 JOB01_005: required_activities=['토론면접', '발표준비', '발표면접']
2025-07-15 11:40:19,904 - __main__ - INFO - [진단] 생성된 지원자 JOB01_006: required_activities=['토론면접', '발표준비', '발표면접']
2025-07-15 11:40:19,904 - __main__ - INFO - [진단] 생성된 지원자 JOB01_007: required_activities=['토론면접', '발표준비', '발표면접']
2025-07-15 11:40:19,904 - __main__ - INFO - [진단] 생성된 지원자 JOB01_008: required_activities=['토론면접', '발표준비', '발표면접']
2025-07-15 11:40:19,904 - __main__ - INFO - [진단] 생성된 지원자 JOB01_009: required_activities=['토론면접', '발표준비', '발표면접']
2025-07-15 11:40:19,904 - __main__ - INFO - [진단] 생성된 지원자 JOB01_010: required_activities=['토론면접', '발표준비', '발표면접']
2025-07-15 11:40:19,904 - __main__ - INFO - [진단] 생성된 지원자 JOB01_011: required_activities=['토론면접', '발표준비', '발표면접']
2025-07-15 11:40:19,904 - __main__ - INFO - [진단] 생성된 지원자 JOB01_012: required_activities=['토론면접', '발표준비', '발표면접']
2025-07-15 11:40:19,905 - __main__ - INFO - [진단] 생성된 지원자 JOB01_013: required_activities=['토론면접', '발표준비', '발표면접']
2025-07-15 11:40:19,905 - __main__ - INFO - [진단] 생성된 지원자 JOB01_014: required_activities=['토론면접', '발표준비', '발표면접']
2025-07-15 11:40:19,905 - __main__ - INFO - [진단] 생성된 지원자 JOB01_015: required_activities=['토론면접', '발표준비', '발표면접']
2025-07-15 11:40:19,905 - __main__ - INFO - [진단] 생성된 지원자 JOB01_016: required_activities=['토론면접', '발표준비', '발표면접']
2025-07-15 11:40:19,905 - __main__ - INFO - [진단] 생성된 지원자 JOB01_017: required_activities=['토론면접', '발표준비', '발표면접']
2025-07-15 11:40:19,905 - __main__ - INFO - [진단] 생성된 지원자 JOB01_018: required_activities=['토론면접', '발표준비', '발표면접']
2025-07-15 11:40:19,905 - __main__ - INFO - [진단] 생성된 지원자 JOB01_019: required_activities=['토론면접', '발표준비', '발표면접']
2025-07-15 11:40:19,906 - __main__ - INFO - [진단] 생성된 지원자 JOB01_020: required_activities=['토론면접', '발표준비', '발표면접']
2025-07-15 11:40:19,906 - __main__ - INFO - [진단] _create_applicants 완료: 총 20명 지원자 생성
2025-07-15 11:40:19,906 - __main__ - INFO - [진단] 그룹 최적화 시작 (V2): 20명 지원자, 활동: ['토론면접', '발표준비', '발표면접']
2025-07-15 11:40:19,906 - __main__ - INFO - [진단] Batched 활동: ['토론면접']
2025-07-15 11:40:19,906 - __main__ - INFO - [진단] 직무별 지원자 분포: { JOB01: 20명 }
2025-07-15 11:40:19,906 - __main__ - INFO - [진단] 지원자 JOB01_001의 required_activities: ['토론면접', '발표준비', '발표면접'], activity.name: 토론면접, 포함여부: True
2025-07-15 11:40:19,907 - __main__ - INFO - [진단] 지원자 JOB01_002의 required_activities: ['토론면접', '발표준비', '발표면접'], activity.name: 토론면접, 포함여부: True
2025-07-15 11:40:19,907 - __main__ - INFO - [진단] 지원자 JOB01_003의 required_activities: ['토론면접', '발표준비', '발표면접'], activity.name: 토론면접, 포함여부: True
2025-07-15 11:40:19,907 - __main__ - INFO - [진단] 지원자 JOB01_004의 required_activities: ['토론면접', '발표준비', '발표면접'], activity.name: 토론면접, 포함여부: True
2025-07-15 11:40:19,907 - __main__ - INFO - [진단] 지원자 JOB01_005의 required_activities: ['토론면접', '발표준비', '발표면접'], activity.name: 토론면접, 포함여부: True
2025-07-15 11:40:19,907 - __main__ - INFO - [진단] 지원자 JOB01_006의 required_activities: ['토론면접', '발표준비', '발표면접'], activity.name: 토론면접, 포함여부: True
2025-07-15 11:40:19,907 - __main__ - INFO - [진단] 지원자 JOB01_007의 required_activities: ['토론면접', '발표준비', '발표면접'], activity.name: 토론면접, 포함여부: True
2025-07-15 11:40:19,907 - __main__ - INFO - [진단] 지원자 JOB01_008의 required_activities: ['토론면접', '발표준비', '발표면접'], activity.name: 토론면접, 포함여부: True
2025-07-15 11:40:19,907 - __main__ - INFO - [진단] 지원자 JOB01_009의 required_activities: ['토론면접', '발표준비', '발표면접'], activity.name: 토론면접, 포함여부: True
2025-07-15 11:40:19,907 - __main__ - INFO - [진단] 지원자 JOB01_010의 required_activities: ['토론면접', '발표준비', '발표면접'], activity.name: 토론면접, 포함여부: True
2025-07-15 11:40:19,908 - __main__ - INFO - [진단] 지원자 JOB01_011의 required_activities: ['토론면접', '발표준비', '발표면접'], activity.name: 토론면접, 포함여부: True
2025-07-15 11:40:19,908 - __main__ - INFO - [진단] 지원자 JOB01_012의 required_activities: ['토론면접', '발표준비', '발표면접'], activity.name: 토론면접, 포함여부: True
2025-07-15 11:40:19,908 - __main__ - INFO - [진단] 지원자 JOB01_013의 required_activities: ['토론면접', '발표준비', '발표면접'], activity.name: 토론면접, 포함여부: True
2025-07-15 11:40:19,908 - __main__ - INFO - [진단] 지원자 JOB01_014의 required_activities: ['토론면접', '발표준비', '발표면접'], activity.name: 토론면접, 포함여부: True
2025-07-15 11:40:19,908 - __main__ - INFO - [진단] 지원자 JOB01_015의 required_activities: ['토론면접', '발표준비', '발표면접'], activity.name: 토론면접, 포함여부: True
2025-07-15 11:40:19,908 - __main__ - INFO - [진단] 지원자 JOB01_016의 required_activities: ['토론면접', '발표준비', '발표면접'], activity.name: 토론면접, 포함여부: True
2025-07-15 11:40:19,908 - __main__ - INFO - [진단] 지원자 JOB01_017의 required_activities: ['토론면접', '발표준비', '발표면접'], activity.name: 토론면접, 포함여부: True
2025-07-15 11:40:19,908 - __main__ - INFO - [진단] 지원자 JOB01_018의 required_activities: ['토론면접', '발표준비', '발표면접'], activity.name: 토론면접, 포함여부: True
2025-07-15 11:40:19,908 - __main__ - INFO - [진단] 지원자 JOB01_019의 required_activities: ['토론면접', '발표준비', '발표면접'], activity.name: 토론면접, 포함여부: True
2025-07-15 11:40:19,908 - __main__ - INFO - [진단] 지원자 JOB01_020의 required_activities: ['토론면접', '발표준비', '발표면접'], activity.name: 토론면접, 포함여부: True
2025-07-15 11:40:19,909 - __main__ - INFO - [진단] 직무 JOB01에서 활동 '토론면접' 수행 지원자 존재 여부: True
2025-07-15 11:40:19,909 - __main__ - INFO - [진단] JOB01 직무의 batched 활동: ['토론면접']
2025-07-15 11:40:19,909 - __main__ - INFO - [진단] JOB01: 지원자 20명, 그룹 크기 4~6
2025-07-15 11:40:19,909 - __main__ - INFO - [진단] _create_common_groups: JOB01, 지원자 20명, 그룹 크기 4~6
2025-07-15 11:40:19,909 - __main__ - INFO - [진단] 그룹 수: 4, 더미 수: 0
2025-07-15 11:40:19,909 - __main__ - INFO - [진단] _create_common_groups: 생성된 그룹 4개, 더미 0명
2025-07-15 11:40:19,910 - __main__ - INFO - [진단] JOB01: 생성된 그룹 수 4, 더미 0명
2025-07-15 11:40:19,910 - __main__ - INFO - [진단] 활동 토론면접에 할당된 그룹 수: 4
2025-07-15 11:40:19,910 - __main__ - INFO - [진단] 그룹 최적화 완료 (V2): 4개 그룹, 0명 더미
2025-07-15 11:40:19,910 - __main__ - INFO - [진행상황] Level1: 100.0% - {'groups': 4, 'dummies': 0, 'time': 0.00899052619934082}
2025-07-15 11:40:19,910 - __main__ - INFO - [진단] Level 1 그룹/지원자 상세 로그
2025-07-15 11:40:19,910 - __main__ - INFO - [진단] 활동: 토론면접, 그룹 수: 4
2025-07-15 11:40:19,910 - __main__ - INFO -   - 그룹ID: JOB01_G001, 크기: 5, 지원자: ['JOB01_001', 'JOB01_002', 'JOB01_003', 'JOB01_004', 'JOB01_005']
2025-07-15 11:40:19,910 - __main__ - INFO -     * 지원자ID: JOB01_001, required_activities: ['토론면접', '발표준비', '발표면접'], is_dummy: False
2025-07-15 11:40:19,910 - __main__ - INFO -     * 지원자ID: JOB01_002, required_activities: ['토론면접', '발표준비', '발표면접'], is_dummy: False
2025-07-15 11:40:19,910 - __main__ - INFO -     * 지원자ID: JOB01_003, required_activities: ['토론면접', '발표준비', '발표면접'], is_dummy: False
2025-07-15 11:40:19,911 - __main__ - INFO -     * 지원자ID: JOB01_004, required_activities: ['토론면접', '발표준비', '발표면접'], is_dummy: False
2025-07-15 11:40:19,911 - __main__ - INFO -     * 지원자ID: JOB01_005, required_activities: ['토론면접', '발표준비', '발표면접'], is_dummy: False
2025-07-15 11:40:19,911 - __main__ - INFO -   - 그룹ID: JOB01_G002, 크기: 5, 지원자: ['JOB01_006', 'JOB01_007', 'JOB01_008', 'JOB01_009', 'JOB01_010']
2025-07-15 11:40:19,911 - __main__ - INFO -     * 지원자ID: JOB01_006, required_activities: ['토론면접', '발표준비', '발표면접'], is_dummy: False
2025-07-15 11:40:19,911 - __main__ - INFO -     * 지원자ID: JOB01_007, required_activities: ['토론면접', '발표준비', '발표면접'], is_dummy: False
2025-07-15 11:40:19,911 - __main__ - INFO -     * 지원자ID: JOB01_008, required_activities: ['토론면접', '발표준비', '발표면접'], is_dummy: False
2025-07-15 11:40:19,911 - __main__ - INFO -     * 지원자ID: JOB01_009, required_activities: ['토론면접', '발표준비', '발표면접'], is_dummy: False
2025-07-15 11:40:19,911 - __main__ - INFO -     * 지원자ID: JOB01_010, required_activities: ['토론면접', '발표준비', '발표면접'], is_dummy: False
2025-07-15 11:40:19,911 - __main__ - INFO -   - 그룹ID: JOB01_G003, 크기: 5, 지원자: ['JOB01_011', 'JOB01_012', 'JOB01_013', 'JOB01_014', 'JOB01_015']
2025-07-15 11:40:19,911 - __main__ - INFO -     * 지원자ID: JOB01_011, required_activities: ['토론면접', '발표준비', '발표면접'], is_dummy: False
2025-07-15 11:40:19,911 - __main__ - INFO -     * 지원자ID: JOB01_012, required_activities: ['토론면접', '발표준비', '발표면접'], is_dummy: False
2025-07-15 11:40:19,912 - __main__ - INFO -     * 지원자ID: JOB01_013, required_activities: ['토론면접', '발표준비', '발표면접'], is_dummy: False
2025-07-15 11:40:19,912 - __main__ - INFO -     * 지원자ID: JOB01_014, required_activities: ['토론면접', '발표준비', '발표면접'], is_dummy: False
2025-07-15 11:40:19,912 - __main__ - INFO -     * 지원자ID: JOB01_015, required_activities: ['토론면접', '발표준비', '발표면접'], is_dummy: False
2025-07-15 11:40:19,912 - __main__ - INFO -   - 그룹ID: JOB01_G004, 크기: 5, 지원자: ['JOB01_016', 'JOB01_017', 'JOB01_018', 'JOB01_019', 'JOB01_020']
2025-07-15 11:40:19,912 - __main__ - INFO -     * 지원자ID: JOB01_016, required_activities: ['토론면접', '발표준비', '발표면접'], is_dummy: False
2025-07-15 11:40:19,912 - __main__ - INFO -     * 지원자ID: JOB01_017, required_activities: ['토론면접', '발표준비', '발표면접'], is_dummy: False
2025-07-15 11:40:19,912 - __main__ - INFO -     * 지원자ID: JOB01_018, required_activities: ['토론면접', '발표준비', '발표면접'], is_dummy: False
2025-07-15 11:40:19,912 - __main__ - INFO -     * 지원자ID: JOB01_019, required_activities: ['토론면접', '발표준비', '발표면접'], is_dummy: False
2025-07-15 11:40:19,912 - __main__ - INFO -     * 지원자ID: JOB01_020, required_activities: ['토론면접', '발표준비', '발표면접'], is_dummy: False
2025-07-15 11:40:19,913 - __main__ - INFO - [진단] Level 1 전체 지원자 목록:
2025-07-15 11:40:19,913 - __main__ - INFO -   - 지원자ID: JOB01_001, required_activities: ['토론면접', '발표준비', '발표면접'], is_dummy: False
2025-07-15 11:40:19,913 - __main__ - INFO -   - 지원자ID: JOB01_002, required_activities: ['토론면접', '발표준비', '발표면접'], is_dummy: False
2025-07-15 11:40:19,913 - __main__ - INFO -   - 지원자ID: JOB01_003, required_activities: ['토론면접', '발표준비', '발표면접'], is_dummy: False
2025-07-15 11:40:19,913 - __main__ - INFO -   - 지원자ID: JOB01_004, required_activities: ['토론면접', '발표준비', '발표면접'], is_dummy: False
2025-07-15 11:40:19,913 - __main__ - INFO -   - 지원자ID: JOB01_005, required_activities: ['토론면접', '발표준비', '발표면접'], is_dummy: False
2025-07-15 11:40:19,913 - __main__ - INFO -   - 지원자ID: JOB01_006, required_activities: ['토론면접', '발표준비', '발표면접'], is_dummy: False
2025-07-15 11:40:19,913 - __main__ - INFO -   - 지원자ID: JOB01_007, required_activities: ['토론면접', '발표준비', '발표면접'], is_dummy: False
2025-07-15 11:40:19,913 - __main__ - INFO -   - 지원자ID: JOB01_008, required_activities: ['토론면접', '발표준비', '발표면접'], is_dummy: False
2025-07-15 11:40:19,913 - __main__ - INFO -   - 지원자ID: JOB01_009, required_activities: ['토론면접', '발표준비', '발표면접'], is_dummy: False
2025-07-15 11:40:19,913 - __main__ - INFO -   - 지원자ID: JOB01_010, required_activities: ['토론면접', '발표준비', '발표면접'], is_dummy: False
2025-07-15 11:40:19,913 - __main__ - INFO -   - 지원자ID: JOB01_011, required_activities: ['토론면접', '발표준비', '발표면접'], is_dummy: False
2025-07-15 11:40:19,913 - __main__ - INFO -   - 지원자ID: JOB01_012, required_activities: ['토론면접', '발표준비', '발표면접'], is_dummy: False
2025-07-15 11:40:19,914 - __main__ - INFO -   - 지원자ID: JOB01_013, required_activities: ['토론면접', '발표준비', '발표면접'], is_dummy: False
2025-07-15 11:40:19,914 - __main__ - INFO -   - 지원자ID: JOB01_014, required_activities: ['토론면접', '발표준비', '발표면접'], is_dummy: False
2025-07-15 11:40:19,914 - __main__ - INFO -   - 지원자ID: JOB01_015, required_activities: ['토론면접', '발표준비', '발표면접'], is_dummy: False
2025-07-15 11:40:19,914 - __main__ - INFO -   - 지원자ID: JOB01_016, required_activities: ['토론면접', '발표준비', '발표면접'], is_dummy: False
2025-07-15 11:40:19,914 - __main__ - INFO -   - 지원자ID: JOB01_017, required_activities: ['토론면접', '발표준비', '발표면접'], is_dummy: False
2025-07-15 11:40:19,914 - __main__ - INFO -   - 지원자ID: JOB01_018, required_activities: ['토론면접', '발표준비', '발표면접'], is_dummy: False
2025-07-15 11:40:19,914 - __main__ - INFO -   - 지원자ID: JOB01_019, required_activities: ['토론면접', '발표준비', '발표면접'], is_dummy: False
2025-07-15 11:40:19,914 - __main__ - INFO -   - 지원자ID: JOB01_020, required_activities: ['토론면접', '발표준비', '발표면접'], is_dummy: False
2025-07-15 11:40:19,914 - __main__ - INFO - [진행상황] Level23: 0.0% - {}
2025-07-15 11:40:19,915 - __main__ - INFO - 
===== [CP-SAT 통합 스케줄러 진단 시작] =====
2025-07-15 11:40:19,915 - __main__ - INFO - [진단] 입력 데이터 상세 로그 (Level1 그룹/지원자/활동/방/제약조건)
2025-07-15 11:40:19,915 - __main__ - INFO - [진단] 활동: 토론면접, 그룹 수: 4
2025-07-15 11:40:19,915 - __main__ - INFO -   - 그룹ID: JOB01_G001, 크기: 5, 지원자: ['JOB01_001', 'JOB01_002', 'JOB01_003', 'JOB01_004', 'JOB01_005']
2025-07-15 11:40:19,915 - __main__ - INFO -     * 지원자ID: JOB01_001, required_activities: ['토론면접', '발표준비', '발표면접'], is_dummy: False
2025-07-15 11:40:19,915 - __main__ - INFO -     * 지원자ID: JOB01_002, required_activities: ['토론면접', '발표준비', '발표면접'], is_dummy: False
2025-07-15 11:40:19,915 - __main__ - INFO -     * 지원자ID: JOB01_003, required_activities: ['토론면접', '발표준비', '발표면접'], is_dummy: False
2025-07-15 11:40:19,916 - __main__ - INFO -     * 지원자ID: JOB01_004, required_activities: ['토론면접', '발표준비', '발표면접'], is_dummy: False
2025-07-15 11:40:19,916 - __main__ - INFO -     * 지원자ID: JOB01_005, required_activities: ['토론면접', '발표준비', '발표면접'], is_dummy: False
2025-07-15 11:40:19,916 - __main__ - INFO -   - 그룹ID: JOB01_G002, 크기: 5, 지원자: ['JOB01_006', 'JOB01_007', 'JOB01_008', 'JOB01_009', 'JOB01_010']
2025-07-15 11:40:19,916 - __main__ - INFO -     * 지원자ID: JOB01_006, required_activities: ['토론면접', '발표준비', '발표면접'], is_dummy: False
2025-07-15 11:40:19,916 - __main__ - INFO -     * 지원자ID: JOB01_007, required_activities: ['토론면접', '발표준비', '발표면접'], is_dummy: False
2025-07-15 11:40:19,917 - __main__ - INFO -     * 지원자ID: JOB01_008, required_activities: ['토론면접', '발표준비', '발표면접'], is_dummy: False
2025-07-15 11:40:19,917 - __main__ - INFO -     * 지원자ID: JOB01_009, required_activities: ['토론면접', '발표준비', '발표면접'], is_dummy: False
2025-07-15 11:40:19,917 - __main__ - INFO -     * 지원자ID: JOB01_010, required_activities: ['토론면접', '발표준비', '발표면접'], is_dummy: False
2025-07-15 11:40:19,917 - __main__ - INFO -   - 그룹ID: JOB01_G003, 크기: 5, 지원자: ['JOB01_011', 'JOB01_012', 'JOB01_013', 'JOB01_014', 'JOB01_015']
2025-07-15 11:40:19,917 - __main__ - INFO -     * 지원자ID: JOB01_011, required_activities: ['토론면접', '발표준비', '발표면접'], is_dummy: False
2025-07-15 11:40:19,917 - __main__ - INFO -     * 지원자ID: JOB01_012, required_activities: ['토론면접', '발표준비', '발표면접'], is_dummy: False
2025-07-15 11:40:19,917 - __main__ - INFO -     * 지원자ID: JOB01_013, required_activities: ['토론면접', '발표준비', '발표면접'], is_dummy: False
2025-07-15 11:40:19,917 - __main__ - INFO -     * 지원자ID: JOB01_014, required_activities: ['토론면접', '발표준비', '발표면접'], is_dummy: False
2025-07-15 11:40:19,918 - __main__ - INFO -     * 지원자ID: JOB01_015, required_activities: ['토론면접', '발표준비', '발표면접'], is_dummy: False
2025-07-15 11:40:19,918 - __main__ - INFO -   - 그룹ID: JOB01_G004, 크기: 5, 지원자: ['JOB01_016', 'JOB01_017', 'JOB01_018', 'JOB01_019', 'JOB01_020']
2025-07-15 11:40:19,918 - __main__ - INFO -     * 지원자ID: JOB01_016, required_activities: ['토론면접', '발표준비', '발표면접'], is_dummy: False
2025-07-15 11:40:19,918 - __main__ - INFO -     * 지원자ID: JOB01_017, required_activities: ['토론면접', '발표준비', '발표면접'], is_dummy: False
2025-07-15 11:40:19,918 - __main__ - INFO -     * 지원자ID: JOB01_018, required_activities: ['토론면접', '발표준비', '발표면접'], is_dummy: False
2025-07-15 11:40:19,919 - __main__ - INFO -     * 지원자ID: JOB01_019, required_activities: ['토론면접', '발표준비', '발표면접'], is_dummy: False
2025-07-15 11:40:19,919 - __main__ - INFO -     * 지원자ID: JOB01_020, required_activities: ['토론면접', '발표준비', '발표면접'], is_dummy: False
2025-07-15 11:40:19,919 - __main__ - INFO - [진단] 전체 지원자 목록:
2025-07-15 11:40:19,919 - __main__ - INFO -   - 지원자ID: JOB01_001, required_activities: ['토론면접', '발표준비', '발표면접'], is_dummy: False
2025-07-15 11:40:19,919 - __main__ - INFO -   - 지원자ID: JOB01_002, required_activities: ['토론면접', '발표준비', '발표면접'], is_dummy: False
2025-07-15 11:40:19,919 - __main__ - INFO -   - 지원자ID: JOB01_003, required_activities: ['토론면접', '발표준비', '발표면접'], is_dummy: False
2025-07-15 11:40:19,919 - __main__ - INFO -   - 지원자ID: JOB01_004, required_activities: ['토론면접', '발표준비', '발표면접'], is_dummy: False
2025-07-15 11:40:19,919 - __main__ - INFO -   - 지원자ID: JOB01_005, required_activities: ['토론면접', '발표준비', '발표면접'], is_dummy: False
2025-07-15 11:40:19,919 - __main__ - INFO -   - 지원자ID: JOB01_006, required_activities: ['토론면접', '발표준비', '발표면접'], is_dummy: False
2025-07-15 11:40:19,919 - __main__ - INFO -   - 지원자ID: JOB01_007, required_activities: ['토론면접', '발표준비', '발표면접'], is_dummy: False
2025-07-15 11:40:19,920 - __main__ - INFO -   - 지원자ID: JOB01_008, required_activities: ['토론면접', '발표준비', '발표면접'], is_dummy: False
2025-07-15 11:40:19,920 - __main__ - INFO -   - 지원자ID: JOB01_009, required_activities: ['토론면접', '발표준비', '발표면접'], is_dummy: False
2025-07-15 11:40:19,920 - __main__ - INFO -   - 지원자ID: JOB01_010, required_activities: ['토론면접', '발표준비', '발표면접'], is_dummy: False
2025-07-15 11:40:19,920 - __main__ - INFO -   - 지원자ID: JOB01_011, required_activities: ['토론면접', '발표준비', '발표면접'], is_dummy: False
2025-07-15 11:40:19,920 - __main__ - INFO -   - 지원자ID: JOB01_012, required_activities: ['토론면접', '발표준비', '발표면접'], is_dummy: False
2025-07-15 11:40:19,920 - __main__ - INFO -   - 지원자ID: JOB01_013, required_activities: ['토론면접', '발표준비', '발표면접'], is_dummy: False
2025-07-15 11:40:19,920 - __main__ - INFO -   - 지원자ID: JOB01_014, required_activities: ['토론면접', '발표준비', '발표면접'], is_dummy: False
2025-07-15 11:40:19,920 - __main__ - INFO -   - 지원자ID: JOB01_015, required_activities: ['토론면접', '발표준비', '발표면접'], is_dummy: False
2025-07-15 11:40:19,920 - __main__ - INFO -   - 지원자ID: JOB01_016, required_activities: ['토론면접', '발표준비', '발표면접'], is_dummy: False
2025-07-15 11:40:19,920 - __main__ - INFO -   - 지원자ID: JOB01_017, required_activities: ['토론면접', '발표준비', '발표면접'], is_dummy: False
2025-07-15 11:40:19,920 - __main__ - INFO -   - 지원자ID: JOB01_018, required_activities: ['토론면접', '발표준비', '발표면접'], is_dummy: False
2025-07-15 11:40:19,921 - __main__ - INFO -   - 지원자ID: JOB01_019, required_activities: ['토론면접', '발표준비', '발표면접'], is_dummy: False
2025-07-15 11:40:19,921 - __main__ - INFO -   - 지원자ID: JOB01_020, required_activities: ['토론면접', '발표준비', '발표면접'], is_dummy: False
2025-07-15 11:40:19,921 - __main__ - INFO - [진단] 활동 목록:
2025-07-15 11:40:19,921 - __main__ - INFO -   - 토론면접, mode=ActivityMode.BATCHED, duration=30, min_cap=4, max_cap=6, required_rooms=['토론면접실']
2025-07-15 11:40:19,921 - __main__ - INFO -   - 발표준비, mode=ActivityMode.PARALLEL, duration=5, min_cap=1, max_cap=2, required_rooms=['발표준비실']
2025-07-15 11:40:19,921 - __main__ - INFO -   - 발표면접, mode=ActivityMode.INDIVIDUAL, duration=15, min_cap=1, max_cap=1, required_rooms=['발표면접실']
2025-07-15 11:40:19,921 - __main__ - INFO - [진단] 방 목록:
2025-07-15 11:40:19,922 - __main__ - INFO -   - 토론면접실_1, type=토론면접실, cap=6
2025-07-15 11:40:19,922 - __main__ - INFO -   - 토론면접실_2, type=토론면접실, cap=6
2025-07-15 11:40:19,922 - __main__ - INFO -   - 발표준비실_1, type=발표준비실, cap=2
2025-07-15 11:40:19,922 - __main__ - INFO -   - 발표면접실_1, type=발표면접실, cap=1
2025-07-15 11:40:19,922 - __main__ - INFO -   - 발표면접실_2, type=발표면접실, cap=1
2025-07-15 11:40:19,922 - __main__ - INFO - [진단] 선후행 제약조건 목록:
2025-07-15 11:40:19,922 - __main__ - INFO -   - 발표준비 → 발표면접, gap_min=0, is_adjacent=True
2025-07-15 11:40:19,930 - __main__ - INFO - [진단] Batched 변수 생성: 그룹ID=JOB01_G001, 활동=토론면접, duration=30, 지원자=['JOB01_001', 'JOB01_002', 'JOB01_003', 'JOB01_004', 'JOB01_005']
2025-07-15 11:40:19,931 - __main__ - INFO - [진단] Batched 변수 생성: 그룹ID=JOB01_G002, 활동=토론면접, duration=30, 지원자=['JOB01_006', 'JOB01_007', 'JOB01_008', 'JOB01_009', 'JOB01_010']
2025-07-15 11:40:19,932 - __main__ - INFO - [진단] Batched 변수 생성: 그룹ID=JOB01_G003, 활동=토론면접, duration=30, 지원자=['JOB01_011', 'JOB01_012', 'JOB01_013', 'JOB01_014', 'JOB01_015']
2025-07-15 11:40:19,933 - __main__ - INFO - [진단] Batched 변수 생성: 그룹ID=JOB01_G004, 활동=토론면접, duration=30, 지원자=['JOB01_016', 'JOB01_017', 'JOB01_018', 'JOB01_019', 'JOB01_020']
2025-07-15 11:40:19,935 - __main__ - INFO - [진단] Individual 변수 생성: 지원자=JOB01_001, 활동=발표준비, duration=5
2025-07-15 11:40:19,935 - __main__ - INFO - [진단] Individual 변수 생성: 지원자=JOB01_001, 활동=발표면접, duration=15
2025-07-15 11:40:19,936 - __main__ - INFO - [진단] Individual 변수 생성: 지원자=JOB01_002, 활동=발표준비, duration=5
2025-07-15 11:40:19,936 - __main__ - INFO - [진단] Individual 변수 생성: 지원자=JOB01_002, 활동=발표면접, duration=15
2025-07-15 11:40:19,936 - __main__ - INFO - [진단] Individual 변수 생성: 지원자=JOB01_003, 활동=발표준비, duration=5
2025-07-15 11:40:19,937 - __main__ - INFO - [진단] Individual 변수 생성: 지원자=JOB01_003, 활동=발표면접, duration=15
2025-07-15 11:40:19,937 - __main__ - INFO - [진단] Individual 변수 생성: 지원자=JOB01_004, 활동=발표준비, duration=5
2025-07-15 11:40:19,937 - __main__ - INFO - [진단] Individual 변수 생성: 지원자=JOB01_004, 활동=발표면접, duration=15
2025-07-15 11:40:19,937 - __main__ - INFO - [진단] Individual 변수 생성: 지원자=JOB01_005, 활동=발표준비, duration=5
2025-07-15 11:40:19,938 - __main__ - INFO - [진단] Individual 변수 생성: 지원자=JOB01_005, 활동=발표면접, duration=15
2025-07-15 11:40:19,938 - __main__ - INFO - [진단] Individual 변수 생성: 지원자=JOB01_006, 활동=발표준비, duration=5
2025-07-15 11:40:19,938 - __main__ - INFO - [진단] Individual 변수 생성: 지원자=JOB01_006, 활동=발표면접, duration=15
2025-07-15 11:40:19,938 - __main__ - INFO - [진단] Individual 변수 생성: 지원자=JOB01_007, 활동=발표준비, duration=5
2025-07-15 11:40:19,939 - __main__ - INFO - [진단] Individual 변수 생성: 지원자=JOB01_007, 활동=발표면접, duration=15
2025-07-15 11:40:19,939 - __main__ - INFO - [진단] Individual 변수 생성: 지원자=JOB01_008, 활동=발표준비, duration=5
2025-07-15 11:40:19,939 - __main__ - INFO - [진단] Individual 변수 생성: 지원자=JOB01_008, 활동=발표면접, duration=15
2025-07-15 11:40:19,940 - __main__ - INFO - [진단] Individual 변수 생성: 지원자=JOB01_009, 활동=발표준비, duration=5
2025-07-15 11:40:19,940 - __main__ - INFO - [진단] Individual 변수 생성: 지원자=JOB01_009, 활동=발표면접, duration=15
2025-07-15 11:40:19,940 - __main__ - INFO - [진단] Individual 변수 생성: 지원자=JOB01_010, 활동=발표준비, duration=5
2025-07-15 11:40:19,941 - __main__ - INFO - [진단] Individual 변수 생성: 지원자=JOB01_010, 활동=발표면접, duration=15
2025-07-15 11:40:19,941 - __main__ - INFO - [진단] Individual 변수 생성: 지원자=JOB01_011, 활동=발표준비, duration=5
2025-07-15 11:40:19,942 - __main__ - INFO - [진단] Individual 변수 생성: 지원자=JOB01_011, 활동=발표면접, duration=15
2025-07-15 11:40:19,942 - __main__ - INFO - [진단] Individual 변수 생성: 지원자=JOB01_012, 활동=발표준비, duration=5
2025-07-15 11:40:19,943 - __main__ - INFO - [진단] Individual 변수 생성: 지원자=JOB01_012, 활동=발표면접, duration=15
2025-07-15 11:40:19,943 - __main__ - INFO - [진단] Individual 변수 생성: 지원자=JOB01_013, 활동=발표준비, duration=5
2025-07-15 11:40:19,943 - __main__ - INFO - [진단] Individual 변수 생성: 지원자=JOB01_013, 활동=발표면접, duration=15
2025-07-15 11:40:19,944 - __main__ - INFO - [진단] Individual 변수 생성: 지원자=JOB01_014, 활동=발표준비, duration=5
2025-07-15 11:40:19,944 - __main__ - INFO - [진단] Individual 변수 생성: 지원자=JOB01_014, 활동=발표면접, duration=15
2025-07-15 11:40:19,944 - __main__ - INFO - [진단] Individual 변수 생성: 지원자=JOB01_015, 활동=발표준비, duration=5
2025-07-15 11:40:19,945 - __main__ - INFO - [진단] Individual 변수 생성: 지원자=JOB01_015, 활동=발표면접, duration=15
2025-07-15 11:40:19,945 - __main__ - INFO - [진단] Individual 변수 생성: 지원자=JOB01_016, 활동=발표준비, duration=5
2025-07-15 11:40:19,946 - __main__ - INFO - [진단] Individual 변수 생성: 지원자=JOB01_016, 활동=발표면접, duration=15
2025-07-15 11:40:19,947 - __main__ - INFO - [진단] Individual 변수 생성: 지원자=JOB01_017, 활동=발표준비, duration=5
2025-07-15 11:40:19,947 - __main__ - INFO - [진단] Individual 변수 생성: 지원자=JOB01_017, 활동=발표면접, duration=15
2025-07-15 11:40:19,947 - __main__ - INFO - [진단] Individual 변수 생성: 지원자=JOB01_018, 활동=발표준비, duration=5
2025-07-15 11:40:19,947 - __main__ - INFO - [진단] Individual 변수 생성: 지원자=JOB01_018, 활동=발표면접, duration=15
2025-07-15 11:40:19,948 - __main__ - INFO - [진단] Individual 변수 생성: 지원자=JOB01_019, 활동=발표준비, duration=5
2025-07-15 11:40:19,948 - __main__ - INFO - [진단] Individual 변수 생성: 지원자=JOB01_019, 활동=발표면접, duration=15
2025-07-15 11:40:19,948 - __main__ - INFO - [진단] Individual 변수 생성: 지원자=JOB01_020, 활동=발표준비, duration=5
2025-07-15 11:40:19,948 - __main__ - INFO - [진단] Individual 변수 생성: 지원자=JOB01_020, 활동=발표면접, duration=15
2025-07-15 11:40:19,951 - __main__ - INFO - [진단] 변수 생성 완료 (소요: 0.03s)
2025-07-15 11:40:19,951 - __main__ - INFO -   - group_intervals: 4개
2025-07-15 11:40:19,951 - __main__ - INFO -   - group_starts: 4개
2025-07-15 11:40:19,951 - __main__ - INFO -   - group_ends: 4개
2025-07-15 11:40:19,951 - __main__ - INFO -   - group_rooms: 4개
2025-07-15 11:40:19,951 - __main__ - INFO -   - individual_intervals: 40개
2025-07-15 11:40:19,952 - __main__ - INFO -   - individual_starts: 40개
2025-07-15 11:40:19,952 - __main__ - INFO -   - individual_ends: 40개
2025-07-15 11:40:19,952 - __main__ - INFO -   - individual_presence: 40개
2025-07-15 11:40:19,952 - __main__ - INFO -   - individual_rooms: 40개
2025-07-15 11:40:19,959 - __main__ - INFO - [진단] 제약조건 추가 완료 (소요: 0.01s)
2025-07-15 11:40:19,961 - __main__ - DEBUG - 지원자 JOB01_001: 3개 활동 체류시간 변수 생성
2025-07-15 11:40:19,961 - __main__ - DEBUG - 지원자 JOB01_002: 3개 활동 체류시간 변수 생성
2025-07-15 11:40:19,961 - __main__ - DEBUG - 지원자 JOB01_003: 3개 활동 체류시간 변수 생성
2025-07-15 11:40:19,961 - __main__ - DEBUG - 지원자 JOB01_004: 3개 활동 체류시간 변수 생성
2025-07-15 11:40:19,961 - __main__ - DEBUG - 지원자 JOB01_005: 3개 활동 체류시간 변수 생성
2025-07-15 11:40:19,962 - __main__ - DEBUG - 지원자 JOB01_006: 3개 활동 체류시간 변수 생성
2025-07-15 11:40:19,962 - __main__ - DEBUG - 지원자 JOB01_007: 3개 활동 체류시간 변수 생성
2025-07-15 11:40:19,962 - __main__ - DEBUG - 지원자 JOB01_008: 3개 활동 체류시간 변수 생성
2025-07-15 11:40:19,962 - __main__ - DEBUG - 지원자 JOB01_009: 3개 활동 체류시간 변수 생성
2025-07-15 11:40:19,962 - __main__ - DEBUG - 지원자 JOB01_010: 3개 활동 체류시간 변수 생성
2025-07-15 11:40:19,963 - __main__ - DEBUG - 지원자 JOB01_011: 3개 활동 체류시간 변수 생성
2025-07-15 11:40:19,963 - __main__ - DEBUG - 지원자 JOB01_012: 3개 활동 체류시간 변수 생성
2025-07-15 11:40:19,963 - __main__ - DEBUG - 지원자 JOB01_013: 3개 활동 체류시간 변수 생성
2025-07-15 11:40:19,963 - __main__ - DEBUG - 지원자 JOB01_014: 3개 활동 체류시간 변수 생성
2025-07-15 11:40:19,963 - __main__ - DEBUG - 지원자 JOB01_015: 3개 활동 체류시간 변수 생성
2025-07-15 11:40:19,964 - __main__ - DEBUG - 지원자 JOB01_016: 3개 활동 체류시간 변수 생성
2025-07-15 11:40:19,964 - __main__ - DEBUG - 지원자 JOB01_017: 3개 활동 체류시간 변수 생성
2025-07-15 11:40:19,964 - __main__ - DEBUG - 지원자 JOB01_018: 3개 활동 체류시간 변수 생성
2025-07-15 11:40:19,964 - __main__ - DEBUG - 지원자 JOB01_019: 3개 활동 체류시간 변수 생성
2025-07-15 11:40:19,964 - __main__ - DEBUG - 지원자 JOB01_020: 3개 활동 체류시간 변수 생성
2025-07-15 11:40:19,966 - __main__ - INFO - [진단] 목적함수 변수 개수: 20 (소요: 0.01s)
2025-07-15 11:43:10,139 - __main__ - INFO - [진단] Solve 종료 (소요: 170.17s), status: OPTIMAL
2025-07-15 11:43:10,140 - __main__ - INFO - [진단] Objective value: 1040.0
2025-07-15 11:43:10,140 - __main__ - INFO - [진단] NumConflicts: 0, NumBranches: 73, WallTime: 170.16s
2025-07-15 11:43:10,140 - __main__ - INFO - [진단] Model stats: #variables=N/A, #constraints=N/A
2025-07-15 11:43:10,141 - __main__ - INFO - [진단] 전체 소요 시간: 170.23s
2025-07-15 11:43:10,152 - __main__ - INFO - [진단] 결과 추출 단계 진입
2025-07-15 11:43:10,154 - __main__ - INFO - [진단] 추출된 Batched 스케줄 개수: 20
2025-07-15 11:43:10,155 - __main__ - INFO - [진단] 추출된 Individual 스케줄 개수: 40
2025-07-15 11:43:10,159 - __main__ - INFO - [진행상황] Level23: 100.0% - {'batched_count': 20, 'individual_count': 40, 'time': 170.24493026733398}
2025-07-15 11:43:10,159 - __main__ - INFO - === 스케줄링 결과 분석 ===
2025-07-15 11:43:10,160 - __main__ - INFO - 상태: SUCCESS
2025-07-15 11:43:10,160 - __main__ - INFO - 에러 메시지: None
2025-07-15 11:43:10,160 - __main__ - INFO - 로그 수: 3
2025-07-15 11:43:10,161 - __main__ - INFO - 스케줄 항목 수: 60
2025-07-15 11:43:10,161 - __main__ - INFO - 스케줄 1: 토론면접 - 9:20:00~9:50:00 - 토론면접실_2
2025-07-15 11:43:10,161 - __main__ - INFO - 스케줄 2: 토론면접 - 9:20:00~9:50:00 - 토론면접실_2
2025-07-15 11:43:10,161 - __main__ - INFO - 스케줄 3: 토론면접 - 9:20:00~9:50:00 - 토론면접실_2
2025-07-15 11:43:10,161 - __main__ - INFO - 스케줄 4: 토론면접 - 9:20:00~9:50:00 - 토론면접실_2
2025-07-15 11:43:10,162 - __main__ - INFO - 스케줄 5: 토론면접 - 9:20:00~9:50:00 - 토론면접실_2
