2025-07-15 17:11:50,046 - ERROR - ❌ 통합 스케줄링 중 예외 발생: name 'set_safe_cpsat_parameters' is not defined
2025-07-15 17:11:50,085 - ERROR - Traceback (most recent call last):
  File "C:\git\interview-scheduler\solver\unified_cpsat_scheduler.py", line 105, in schedule_unified
    set_safe_cpsat_parameters(solver)
    ^^^^^^^^^^^^^^^^^^^^^^^^^
NameError: name 'set_safe_cpsat_parameters' is not defined

2025-07-15 17:11:50,107 - ERROR - 활동 토론면접에 사용 가능한 방이 없습니다
2025-07-15 17:11:50,122 - ERROR - 활동 토론면접 스케줄링 실패
2025-07-15 17:11:50,146 - ERROR - 활동 토론면접에 사용 가능한 방이 없습니다
2025-07-15 17:11:50,160 - ERROR - 활동 토론면접 스케줄링 실패
2025-07-15 17:11:50,164 - ERROR - 활동 토론면접에 사용 가능한 방이 없습니다
2025-07-15 17:11:50,176 - ERROR - 활동 토론면접 스케줄링 실패
2025-07-15 17:11:50,194 - ERROR - 활동 토론면접에 사용 가능한 방이 없습니다
2025-07-15 17:11:50,209 - ERROR - 활동 토론면접 스케줄링 실패
2025-07-15 17:11:50,235 - ERROR - 활동 토론면접에 사용 가능한 방이 없습니다
2025-07-15 17:11:50,246 - ERROR - 활동 토론면접 스케줄링 실패
2025-07-15 17:11:50,263 - ERROR - 2025-07-15: 실패 - Level 2 실패: Batched 활동 스케줄링 불가
2025-07-15 17:11:50,289 - ERROR - [오류] 스케줄링 실패, 실패 날짜: [datetime.datetime(2025, 7, 15, 0, 0)]
2025-07-15 17:11:50,310 - ERROR - ❌ [2025-07-15] 실패: FAILED
2025-07-15 17:11:50,510 - ERROR - ❌ 통합 스케줄링 중 예외 발생: name 'set_safe_cpsat_parameters' is not defined
2025-07-15 17:11:50,516 - ERROR - Traceback (most recent call last):
  File "C:\git\interview-scheduler\solver\unified_cpsat_scheduler.py", line 105, in schedule_unified
    set_safe_cpsat_parameters(solver)
    ^^^^^^^^^^^^^^^^^^^^^^^^^
NameError: name 'set_safe_cpsat_parameters' is not defined

2025-07-15 17:11:50,542 - ERROR - 활동 토론면접에 사용 가능한 방이 없습니다
2025-07-15 17:11:50,565 - ERROR - 활동 토론면접 스케줄링 실패
2025-07-15 17:11:50,590 - ERROR - 활동 토론면접에 사용 가능한 방이 없습니다
2025-07-15 17:11:50,613 - ERROR - 활동 토론면접 스케줄링 실패
2025-07-15 17:11:50,644 - ERROR - 활동 토론면접에 사용 가능한 방이 없습니다
2025-07-15 17:11:50,661 - ERROR - 활동 토론면접 스케줄링 실패
2025-07-15 17:11:50,686 - ERROR - 활동 토론면접에 사용 가능한 방이 없습니다
2025-07-15 17:11:50,707 - ERROR - 활동 토론면접 스케줄링 실패
2025-07-15 17:11:50,719 - ERROR - 활동 토론면접에 사용 가능한 방이 없습니다
2025-07-15 17:11:50,755 - ERROR - 활동 토론면접 스케줄링 실패
2025-07-15 17:11:50,773 - ERROR - 2025-07-16: 실패 - Level 2 실패: Batched 활동 스케줄링 불가
2025-07-15 17:11:50,791 - ERROR - [오류] 스케줄링 실패, 실패 날짜: [datetime.datetime(2025, 7, 16, 0, 0)]
2025-07-15 17:11:50,800 - ERROR - ❌ [2025-07-16] 실패: FAILED
2025-07-15 17:11:50,972 - ERROR - ❌ 통합 스케줄링 중 예외 발생: name 'set_safe_cpsat_parameters' is not defined
2025-07-15 17:11:51,022 - ERROR - Traceback (most recent call last):
  File "C:\git\interview-scheduler\solver\unified_cpsat_scheduler.py", line 105, in schedule_unified
    set_safe_cpsat_parameters(solver)
    ^^^^^^^^^^^^^^^^^^^^^^^^^
NameError: name 'set_safe_cpsat_parameters' is not defined

2025-07-15 17:11:51,063 - ERROR - 활동 토론면접에 사용 가능한 방이 없습니다
2025-07-15 17:11:51,095 - ERROR - 활동 토론면접 스케줄링 실패
2025-07-15 17:11:51,125 - ERROR - 활동 토론면접에 사용 가능한 방이 없습니다
2025-07-15 17:11:51,153 - ERROR - 활동 토론면접 스케줄링 실패
2025-07-15 17:11:51,232 - ERROR - 활동 토론면접에 사용 가능한 방이 없습니다
2025-07-15 17:11:51,277 - ERROR - 활동 토론면접 스케줄링 실패
2025-07-15 17:11:51,314 - ERROR - 활동 토론면접에 사용 가능한 방이 없습니다
2025-07-15 17:11:51,338 - ERROR - 활동 토론면접 스케줄링 실패
2025-07-15 17:11:51,348 - ERROR - 활동 토론면접에 사용 가능한 방이 없습니다
2025-07-15 17:11:51,366 - ERROR - 활동 토론면접 스케줄링 실패
2025-07-15 17:11:51,392 - ERROR - 2025-07-17: 실패 - Level 2 실패: Batched 활동 스케줄링 불가
2025-07-15 17:11:51,414 - ERROR - [오류] 스케줄링 실패, 실패 날짜: [datetime.datetime(2025, 7, 17, 0, 0)]
2025-07-15 17:11:51,440 - ERROR - ❌ [2025-07-17] 실패: FAILED
2025-07-15 17:11:51,524 - ERROR - ❌ 통합 스케줄링 중 예외 발생: name 'set_safe_cpsat_parameters' is not defined
2025-07-15 17:11:51,547 - ERROR - Traceback (most recent call last):
  File "C:\git\interview-scheduler\solver\unified_cpsat_scheduler.py", line 105, in schedule_unified
    set_safe_cpsat_parameters(solver)
    ^^^^^^^^^^^^^^^^^^^^^^^^^
NameError: name 'set_safe_cpsat_parameters' is not defined

2025-07-15 17:11:51,574 - ERROR - 활동 토론면접에 사용 가능한 방이 없습니다
2025-07-15 17:11:51,602 - ERROR - 활동 토론면접 스케줄링 실패
2025-07-15 17:11:51,630 - ERROR - 활동 토론면접에 사용 가능한 방이 없습니다
2025-07-15 17:11:51,644 - ERROR - 활동 토론면접 스케줄링 실패
2025-07-15 17:11:51,663 - ERROR - 활동 토론면접에 사용 가능한 방이 없습니다
2025-07-15 17:11:51,691 - ERROR - 활동 토론면접 스케줄링 실패
2025-07-15 17:11:51,713 - ERROR - 활동 토론면접에 사용 가능한 방이 없습니다
2025-07-15 17:11:51,729 - ERROR - 활동 토론면접 스케줄링 실패
2025-07-15 17:11:51,791 - ERROR - 활동 토론면접에 사용 가능한 방이 없습니다
2025-07-15 17:11:51,818 - ERROR - 활동 토론면접 스케줄링 실패
2025-07-15 17:11:51,841 - ERROR - 2025-07-18: 실패 - Level 2 실패: Batched 활동 스케줄링 불가
2025-07-15 17:11:51,863 - ERROR - [오류] 스케줄링 실패, 실패 날짜: [datetime.datetime(2025, 7, 18, 0, 0)]
2025-07-15 17:11:51,883 - ERROR - ❌ [2025-07-18] 실패: FAILED
